<?xml version="1.0" encoding="UTF-8"?>
<testng-results ignored="0" total="1" passed="1" failed="0" skipped="0">
  <reporter-output>
  </reporter-output>
  <suite started-at="2025-02-16T22:18:20 IST" name="Default suite" finished-at="2025-02-16T22:18:29 IST" duration-ms="8603">
    <groups>
    </groups>
    <test started-at="2025-02-16T22:18:20 IST" name="Default test" finished-at="2025-02-16T22:18:29 IST" duration-ms="8603">
      <class name="TestCases.useCase1_createUser">
        <test-method signature="enterUserInformation()[pri:0, instance:TestCases.useCase1_createUser@dd05255]" started-at="2025-02-16T22:18:21 IST" name="enterUserInformation" finished-at="2025-02-16T22:18:29 IST" duration-ms="8528" status="PASS">
          <reporter-output>
          </reporter-output>
        </test-method> <!-- enterUserInformation -->
      </class> <!-- TestCases.useCase1_createUser -->
    </test> <!-- Default test -->
  </suite> <!-- Default suite -->
</testng-results>
